
===== New Crawl Session 2025-07-26 06:28:36 =====

=== 2025-07-26 06:28:36 ===
Starting crawl for: http://play.ruanyazyk.com/
Output directory: ruanya
[06:28:36] Starting crawl for http://play.ruanyazyk.com/
[06:28:37] Saved: ruanya/index.html
[06:28:38] Saved: ruanya/car.html
[06:28:39] Saved: ruanya/github.html
[06:28:40] Saved: ruanya/watermark.html
[06:28:42] Saved: ruanya/vip.html
[06:28:43] Saved: ruanya/hot.html
[06:28:44] Saved: ruanya/salary.html
[06:28:46] Saved: ruanya/drama.html
[06:28:47] Saved: ruanya/mao.html
[06:28:48] Saved: ruanya/mm.html
[06:28:49] Finished. Visited 10 pages in 13.29s

=== 2025-07-26 06:28:49 ===
Starting crawl for: https://wmdz.com/
Output directory: cangku
[06:28:49] Starting crawl for https://wmdz.com/
[06:28:51] Error crawling https://wmdz.com/: HTTPSConnectionPool(host='wmdz.com', port=443): Max retries exceeded with url: / (Caused by SSLError(SSLCertVerificationError(1, '[SSL: CERTIFICATE_VERIFY_FAILED] certificate verify failed: unable to get local issuer certificate (_ssl.c:1147)')))
[06:28:51] Finished. Visited 1 pages in 1.74s

=== 2025-07-26 06:28:51 ===
Starting crawl for: https://www.heimao.app/
Output directory: heimao
[06:28:51] Starting crawl for https://www.heimao.app/
[06:28:51] Saved: heimao/index.html
[06:28:52] Finished. Visited 1 pages in 1.14s

All sites crawled at: 2025-07-26 06:28:52
